::1 - GET / HTTP/1.1 200 26 - 1.420 ms
::1 - GET /favicon.ico HTTP/1.1 404 150 - 1.231 ms
::1 - GET / HTTP/1.1 200 - - 1.644 ms
::1 - GET / HTTP/1.1 200 252 - 1.493 ms
::1 - GET / HTTP/1.1 200 - - 1.657 ms
::1 - GET / HTTP/1.1 200 - - 1.716 ms
::1 - GET / HTTP/1.1 304 - - 0.354 ms
::1 - GET / HTTP/1.1 304 - - 0.273 ms
::1 - GET / HTTP/1.1 304 - - 2.855 ms
::1 - GET / HTTP/1.1 200 - - 1.604 ms
::1 - GET / HTTP/1.1 304 - - 0.476 ms
::1 - GET / HTTP/1.1 304 - - 0.280 ms
::1 - GET / HTTP/1.1 304 - - 0.278 ms
::1 - GET / HTTP/1.1 200 - - 1.574 ms
::1 - GET / HTTP/1.1 304 - - 0.331 ms
::1 - GET / HTTP/1.1 304 - - 0.351 ms
::1 - GET / HTTP/1.1 304 - - 3.000 ms
::1 - GET / HTTP/1.1 200 - - 2.865 ms
::1 - GET / HTTP/1.1 304 - - 0.774 ms
::1 - GET / HTTP/1.1 304 - - 0.663 ms
::1 - GET / HTTP/1.1 304 - - 0.462 ms
::1 - GET / HTTP/1.1 304 - - 0.425 ms
::1 - GET / HTTP/1.1 304 - - 0.417 ms
::1 - GET / HTTP/1.1 304 - - 0.538 ms
::1 - GET / HTTP/1.1 304 - - 1.099 ms
::1 - GET / HTTP/1.1 304 - - 1.120 ms
::1 - GET / HTTP/1.1 304 - - 0.419 ms
::1 - GET / HTTP/1.1 304 - - 0.416 ms
::1 - GET / HTTP/1.1 200 - - 2.997 ms
::1 - GET / HTTP/1.1 304 - - 0.584 ms
::1 - GET / HTTP/1.1 304 - - 0.453 ms
::1 - GET / HTTP/1.1 304 - - 0.478 ms
::1 - GET / HTTP/1.1 304 - - 0.393 ms
::1 - GET / HTTP/1.1 200 30 - 2.572 ms
::1 - GET / HTTP/1.1 304 - - 0.425 ms
::1 - GET / HTTP/1.1 304 - - 0.277 ms
::1 - GET / HTTP/1.1 304 - - 0.248 ms
::1 - GET / HTTP/1.1 304 - - 0.327 ms
::1 - GET / HTTP/1.1 304 - - 0.288 ms
::1 - GET / HTTP/1.1 304 - - 0.234 ms
::1 - GET / HTTP/1.1 304 - - 0.423 ms
::1 - GET / HTTP/1.1 200 - - 3.199 ms
::1 - GET / HTTP/1.1 304 - - 2.011 ms
::1 - GET / HTTP/1.1 304 - - 0.348 ms
::1 - GET / HTTP/1.1 304 - - 0.333 ms
::1 - GET / HTTP/1.1 304 - - 0.311 ms
::1 - GET / HTTP/1.1 304 - - 0.335 ms
::1 - GET / HTTP/1.1 304 - - 0.323 ms
::1 - GET / HTTP/1.1 304 - - 0.302 ms
::1 - GET / HTTP/1.1 304 - - 0.303 ms
::1 - GET / HTTP/1.1 200 - - 1.811 ms
::1 - GET / HTTP/1.1 304 - - 0.379 ms
::1 - GET / HTTP/1.1 304 - - 0.282 ms
::1 - GET / HTTP/1.1 304 - - 0.427 ms
::1 - GET / HTTP/1.1 304 - - 15.472 ms
::1 - GET / HTTP/1.1 - - - - ms
::1 - GET / HTTP/1.1 - - - - ms
::ffff:127.0.0.1 - GET / HTTP/1.1 - - - - ms
::ffff:127.0.0.1 - GET / HTTP/1.1 200 - - 1.982 ms
::ffff:127.0.0.1 - GET / HTTP/1.1 304 - - 0.521 ms
::ffff:127.0.0.1 - GET / HTTP/1.1 304 - - 0.307 ms
::ffff:127.0.0.1 - GET / HTTP/1.1 304 - - 0.279 ms
::ffff:127.0.0.1 - GET / HTTP/1.1 304 - - 0.268 ms
::ffff:127.0.0.1 - GET / HTTP/1.1 304 - - 0.272 ms
::ffff:127.0.0.1 - GET / HTTP/1.1 304 - - 0.263 ms
::ffff:127.0.0.1 - GET / HTTP/1.1 304 - - 0.690 ms
::ffff:127.0.0.1 - GET / HTTP/1.1 304 - - 0.252 ms
::ffff:127.0.0.1 - GET / HTTP/1.1 304 - - 0.251 ms
::ffff:127.0.0.1 - GET / HTTP/1.1 304 - - 0.254 ms
::ffff:127.0.0.1 - GET / HTTP/1.1 304 - - 0.253 ms
::ffff:127.0.0.1 - GET / HTTP/1.1 304 - - 0.273 ms
::ffff:127.0.0.1 - GET / HTTP/1.1 304 - - 0.250 ms
::ffff:127.0.0.1 - GET / HTTP/1.1 304 - - 0.243 ms
::ffff:127.0.0.1 - GET / HTTP/1.1 304 - - 0.243 ms
::ffff:127.0.0.1 - GET / HTTP/1.1 304 - - 0.362 ms
::1 - GET / HTTP/1.1 304 - - 4.978 ms
::1 - GET /favicon.ico HTTP/1.1 404 150 - 1.203 ms
::1 - GET / HTTP/1.1 304 - - 1.910 ms
::1 - GET / HTTP/1.1 304 - - 1.676 ms
::1 - GET / HTTP/1.1 304 - - 1.898 ms
::1 - GET / HTTP/1.1 304 - - 2.266 ms
::1 - GET / HTTP/1.1 304 - - 4.114 ms
::1 - GET / HTTP/1.1 304 - - 5.505 ms
::1 - GET / HTTP/1.1 304 - - 3.473 ms
::1 - GET / HTTP/1.1 304 - - 0.684 ms
::1 - GET / HTTP/1.1 304 - - 0.678 ms
::1 - GET / HTTP/1.1 304 - - 3.482 ms
::1 - GET / HTTP/1.1 304 - - 0.685 ms
::1 - GET / HTTP/1.1 304 - - 0.627 ms
::1 - GET / HTTP/1.1 304 - - 0.702 ms
::1 - GET / HTTP/1.1 304 - - 0.646 ms
::1 - GET / HTTP/1.1 304 - - 0.610 ms
::1 - GET / HTTP/1.1 304 - - 0.937 ms
::1 - GET / HTTP/1.1 304 - - 0.643 ms
::1 - GET / HTTP/1.1 304 - - 0.601 ms
::1 - GET / HTTP/1.1 304 - - 0.591 ms
::1 - GET / HTTP/1.1 304 - - 0.599 ms
::1 - GET / HTTP/1.1 200 - - 0.590 ms
::1 - GET /favicon.ico HTTP/1.1 404 150 - 1.401 ms
::1 - GET / HTTP/1.1 200 - - 0.804 ms
::1 - GET /favicon.ico HTTP/1.1 404 150 - 0.198 ms
::1 - GET / HTTP/1.1 200 - - 0.577 ms
::1 - GET /favicon.ico HTTP/1.1 404 150 - 0.151 ms
::1 - GET / HTTP/1.1 200 - - 2.514 ms
::1 - GET /favicon.ico HTTP/1.1 404 150 - 0.148 ms
::1 - GET / HTTP/1.1 304 - - 0.682 ms
::1 - GET / HTTP/1.1 304 - - 0.757 ms
::1 - GET / HTTP/1.1 304 - - 0.488 ms
::1 - GET / HTTP/1.1 304 - - 0.472 ms
::1 - GET / HTTP/1.1 304 - - 0.523 ms
::1 - GET / HTTP/1.1 304 - - 0.588 ms
::1 - GET / HTTP/1.1 304 - - 0.941 ms
::1 - GET / HTTP/1.1 304 - - 0.446 ms
::1 - GET / HTTP/1.1 304 - - 0.458 ms
::1 - GET / HTTP/1.1 304 - - 0.453 ms
::1 - GET / HTTP/1.1 304 - - 5.236 ms
::1 - GET /geeenesis-api/chat/ HTTP/1.1 404 158 - 1.680 ms
::1 - GET /geeenesis-api/chat/ HTTP/1.1 404 158 - 0.188 ms
::1 - GET /geeenesis-api/chat/ HTTP/1.1 404 158 - 0.212 ms
::1 - GET /geeenesis-api/chat/ HTTP/1.1 404 158 - 1.973 ms
::1 - GET /chat/ HTTP/1.1 401 14 - 1.727 ms
::1 - GET /chat/ HTTP/1.1 401 20 - 2.307 ms
::1 - GET /chat/ HTTP/1.1 200 11 - 2.893 ms
::1 - POST /geeenesis-api/chat/ HTTP/1.1 404 159 - 1.352 ms
::1 - POST /get-chat/ HTTP/1.1 404 149 - 0.139 ms
::1 - GET /get-chats/ HTTP/1.1 404 149 - 1.341 ms
::1 - GET /chat/get-chats/ HTTP/1.1 200 2 - 29.820 ms
::1 - GET /chat/get-chats/ HTTP/1.1 200 2 - 16.562 ms
::1 - POST /chat/post-chats/ HTTP/1.1 200 198 - 76.097 ms
::1 - POST /chat/post-chats/ HTTP/1.1 200 395 - 17.405 ms
::1 - POST /chat/post-chats/ HTTP/1.1 200 592 - 11.957 ms
::1 - POST /chat/post-chats/ HTTP/1.1 200 789 - 24.773 ms
::1 - POST /chat/post-chats/ HTTP/1.1 200 986 - 16.599 ms
::1 - POST /chat/post-chats/ HTTP/1.1 200 - - 25.090 ms
::1 - GET /chat/get-chats/ HTTP/1.1 200 - - 19.424 ms
::1 - GET /chat/get-chats/ HTTP/1.1 200 - - 26.042 ms
::1 - GET /chat/get-chats/ HTTP/1.1 200 - - 5.579 ms
::1 - GET /chat/get-chats/ HTTP/1.1 200 - - 8.030 ms
::1 - GET /chat/get-chats/ HTTP/1.1 200 - - 10.723 ms
::1 - GET /chat/get-chats/ HTTP/1.1 200 - - 7.028 ms
::1 - GET /chat/get-chats/ HTTP/1.1 200 - - 19.539 ms
::1 - GET /chat/get-chats/ HTTP/1.1 200 - - 6.335 ms
::1 - GET /chat/get-chats/ HTTP/1.1 200 - - 6.584 ms
::1 - GET /chat/get-chats/ HTTP/1.1 200 - - 6.610 ms
::1 - GET /chat/get-chats/ HTTP/1.1 200 - - 5.941 ms
::1 - GET /chat/get-chats/ HTTP/1.1 200 - - 228.837 ms
::1 - GET /chat/get-chats/ HTTP/1.1 200 - - 5.284 ms
::1 - GET /chat/get-chats/ HTTP/1.1 200 - - 8.126 ms
::1 - GET /chat/get-chats/ HTTP/1.1 200 - - 5.644 ms
::1 - GET /chat/get-chats/ HTTP/1.1 200 - - 6.599 ms
::1 - GET /chat/get-chats/ HTTP/1.1 200 - - 6.557 ms
::1 - GET /chat/get-chats/ HTTP/1.1 200 - - 17.044 ms
::1 - GET /chat/get-chats/ HTTP/1.1 200 - - 9.404 ms
::1 - GET /chat/get-chats/ HTTP/1.1 200 - - 8.523 ms
::1 - GET /chat/get-chats/ HTTP/1.1 200 - - 5.627 ms
::1 - GET /chat/get-chats/ HTTP/1.1 200 - - 16.819 ms
::1 - GET /chat/get-chats/ HTTP/1.1 200 - - 18.606 ms
::1 - GET /chat/get-chats/ HTTP/1.1 200 - - 18.047 ms
::1 - GET /chat/get-chats/ HTTP/1.1 200 - - 27.084 ms
::1 - GET /chat/get-chats/ HTTP/1.1 200 - - 7.097 ms
::1 - GET /chat/get-chats/ HTTP/1.1 200 - - 6.237 ms
::1 - GET /chat/get-chats/ HTTP/1.1 200 - - 6.917 ms
::1 - GET /chat/get-chats/ HTTP/1.1 200 - - 18.347 ms
::1 - GET /chat/get-chats/ HTTP/1.1 200 - - 6.614 ms
::1 - GET /chat/get-chats/ HTTP/1.1 200 - - 6.321 ms
::1 - GET /chat/get-chats/ HTTP/1.1 200 - - 6.179 ms
::1 - GET /chat/get-chats/ HTTP/1.1 200 - - 5.741 ms
::1 - GET /chat/get-chats/ HTTP/1.1 200 - - 7.094 ms
::1 - GET /chat/get-chats/ HTTP/1.1 200 - - 19.988 ms
::1 - GET /chat/get-chats/ HTTP/1.1 200 - - 7.205 ms
::1 - GET /chat/get-chats/ HTTP/1.1 200 - - 20.888 ms
::1 - GET /chat/get-chats/ HTTP/1.1 200 - - 7.046 ms
::1 - GET /chat/get-chats/ HTTP/1.1 200 - - 6.019 ms
::1 - GET /chat/get-chats/ HTTP/1.1 200 - - 6.559 ms
::1 - GET /chat/get-chats/ HTTP/1.1 200 - - 36.423 ms
::1 - GET /chat/get-chats/ HTTP/1.1 200 - - 18.876 ms
